CRITICAL - 2022-01-20 18:17:11 --> Undefined property: CodeIgniter\View\View::$load
#0 C:\xampp\htdocs\app\Views\Home.php(2): CodeIgniter\Debug\Exceptions->errorHandler(2, 'Undefined prope...', 'C:\\xampp\\htdocs...', 2)
#1 C:\xampp\htdocs\system\View\View.php(210): include('C:\\xampp\\htdocs...')
#2 C:\xampp\htdocs\system\View\View.php(213): CodeIgniter\View\View->CodeIgniter\View\{closure}()
#3 C:\xampp\htdocs\system\Common.php(1089): CodeIgniter\View\View->render('Home', Array, true)
#4 C:\xampp\htdocs\app\Controllers\Home.php(10): view('Home')
#5 C:\xampp\htdocs\system\CodeIgniter.php(825): App\Controllers\Home->index()
#6 C:\xampp\htdocs\system\CodeIgniter.php(412): CodeIgniter\CodeIgniter->runController(Object(App\Controllers\Home))
#7 C:\xampp\htdocs\system\CodeIgniter.php(320): CodeIgniter\CodeIgniter->handleRequest(NULL, Object(Config\Cache), false)
#8 C:\xampp\htdocs\public\index.php(37): CodeIgniter\CodeIgniter->run()
#9 C:\xampp\htdocs\system\Commands\Server\rewrite.php(43): require_once('C:\\xampp\\htdocs...')
#10 {main}
CRITICAL - 2022-01-20 18:17:37 --> Undefined property: CodeIgniter\View\View::$load
#0 C:\xampp\htdocs\app\Views\Home.php(2): CodeIgniter\Debug\Exceptions->errorHandler(2, 'Undefined prope...', 'C:\\xampp\\htdocs...', 2)
#1 C:\xampp\htdocs\system\View\View.php(210): include('C:\\xampp\\htdocs...')
#2 C:\xampp\htdocs\system\View\View.php(213): CodeIgniter\View\View->CodeIgniter\View\{closure}()
#3 C:\xampp\htdocs\system\Common.php(1089): CodeIgniter\View\View->render('Home', Array, true)
#4 C:\xampp\htdocs\app\Controllers\Home.php(10): view('Home')
#5 C:\xampp\htdocs\system\CodeIgniter.php(825): App\Controllers\Home->index()
#6 C:\xampp\htdocs\system\CodeIgniter.php(412): CodeIgniter\CodeIgniter->runController(Object(App\Controllers\Home))
#7 C:\xampp\htdocs\system\CodeIgniter.php(320): CodeIgniter\CodeIgniter->handleRequest(NULL, Object(Config\Cache), false)
#8 C:\xampp\htdocs\public\index.php(37): CodeIgniter\CodeIgniter->run()
#9 C:\xampp\htdocs\system\Commands\Server\rewrite.php(43): require_once('C:\\xampp\\htdocs...')
#10 {main}
CRITICAL - 2022-01-20 18:17:37 --> Undefined property: CodeIgniter\View\View::$load
#0 C:\xampp\htdocs\app\Views\Home.php(2): CodeIgniter\Debug\Exceptions->errorHandler(2, 'Undefined prope...', 'C:\\xampp\\htdocs...', 2)
#1 C:\xampp\htdocs\system\View\View.php(210): include('C:\\xampp\\htdocs...')
#2 C:\xampp\htdocs\system\View\View.php(213): CodeIgniter\View\View->CodeIgniter\View\{closure}()
#3 C:\xampp\htdocs\system\Common.php(1089): CodeIgniter\View\View->render('Home', Array, true)
#4 C:\xampp\htdocs\app\Controllers\Home.php(10): view('Home')
#5 C:\xampp\htdocs\system\CodeIgniter.php(825): App\Controllers\Home->index()
#6 C:\xampp\htdocs\system\CodeIgniter.php(412): CodeIgniter\CodeIgniter->runController(Object(App\Controllers\Home))
#7 C:\xampp\htdocs\system\CodeIgniter.php(320): CodeIgniter\CodeIgniter->handleRequest(NULL, Object(Config\Cache), false)
#8 C:\xampp\htdocs\public\index.php(37): CodeIgniter\CodeIgniter->run()
#9 C:\xampp\htdocs\system\Commands\Server\rewrite.php(43): require_once('C:\\xampp\\htdocs...')
#10 {main}
CRITICAL - 2022-01-20 18:17:37 --> Undefined property: CodeIgniter\View\View::$load
#0 C:\xampp\htdocs\app\Views\Home.php(2): CodeIgniter\Debug\Exceptions->errorHandler(2, 'Undefined prope...', 'C:\\xampp\\htdocs...', 2)
#1 C:\xampp\htdocs\system\View\View.php(210): include('C:\\xampp\\htdocs...')
#2 C:\xampp\htdocs\system\View\View.php(213): CodeIgniter\View\View->CodeIgniter\View\{closure}()
#3 C:\xampp\htdocs\system\Common.php(1089): CodeIgniter\View\View->render('Home', Array, true)
#4 C:\xampp\htdocs\app\Controllers\Home.php(10): view('Home')
#5 C:\xampp\htdocs\system\CodeIgniter.php(825): App\Controllers\Home->index()
#6 C:\xampp\htdocs\system\CodeIgniter.php(412): CodeIgniter\CodeIgniter->runController(Object(App\Controllers\Home))
#7 C:\xampp\htdocs\system\CodeIgniter.php(320): CodeIgniter\CodeIgniter->handleRequest(NULL, Object(Config\Cache), false)
#8 C:\xampp\htdocs\public\index.php(37): CodeIgniter\CodeIgniter->run()
#9 C:\xampp\htdocs\system\Commands\Server\rewrite.php(43): require_once('C:\\xampp\\htdocs...')
#10 {main}
CRITICAL - 2022-01-20 18:17:38 --> Undefined property: CodeIgniter\View\View::$load
#0 C:\xampp\htdocs\app\Views\Home.php(2): CodeIgniter\Debug\Exceptions->errorHandler(2, 'Undefined prope...', 'C:\\xampp\\htdocs...', 2)
#1 C:\xampp\htdocs\system\View\View.php(210): include('C:\\xampp\\htdocs...')
#2 C:\xampp\htdocs\system\View\View.php(213): CodeIgniter\View\View->CodeIgniter\View\{closure}()
#3 C:\xampp\htdocs\system\Common.php(1089): CodeIgniter\View\View->render('Home', Array, true)
#4 C:\xampp\htdocs\app\Controllers\Home.php(10): view('Home')
#5 C:\xampp\htdocs\system\CodeIgniter.php(825): App\Controllers\Home->index()
#6 C:\xampp\htdocs\system\CodeIgniter.php(412): CodeIgniter\CodeIgniter->runController(Object(App\Controllers\Home))
#7 C:\xampp\htdocs\system\CodeIgniter.php(320): CodeIgniter\CodeIgniter->handleRequest(NULL, Object(Config\Cache), false)
#8 C:\xampp\htdocs\public\index.php(37): CodeIgniter\CodeIgniter->run()
#9 C:\xampp\htdocs\system\Commands\Server\rewrite.php(43): require_once('C:\\xampp\\htdocs...')
#10 {main}
CRITICAL - 2022-01-20 18:17:38 --> Undefined property: CodeIgniter\View\View::$load
#0 C:\xampp\htdocs\app\Views\Home.php(2): CodeIgniter\Debug\Exceptions->errorHandler(2, 'Undefined prope...', 'C:\\xampp\\htdocs...', 2)
#1 C:\xampp\htdocs\system\View\View.php(210): include('C:\\xampp\\htdocs...')
#2 C:\xampp\htdocs\system\View\View.php(213): CodeIgniter\View\View->CodeIgniter\View\{closure}()
#3 C:\xampp\htdocs\system\Common.php(1089): CodeIgniter\View\View->render('Home', Array, true)
#4 C:\xampp\htdocs\app\Controllers\Home.php(10): view('Home')
#5 C:\xampp\htdocs\system\CodeIgniter.php(825): App\Controllers\Home->index()
#6 C:\xampp\htdocs\system\CodeIgniter.php(412): CodeIgniter\CodeIgniter->runController(Object(App\Controllers\Home))
#7 C:\xampp\htdocs\system\CodeIgniter.php(320): CodeIgniter\CodeIgniter->handleRequest(NULL, Object(Config\Cache), false)
#8 C:\xampp\htdocs\public\index.php(37): CodeIgniter\CodeIgniter->run()
#9 C:\xampp\htdocs\system\Commands\Server\rewrite.php(43): require_once('C:\\xampp\\htdocs...')
#10 {main}
CRITICAL - 2022-01-20 18:17:51 --> Undefined property: CodeIgniter\View\View::$load
#0 C:\xampp\htdocs\app\Views\Home.php(2): CodeIgniter\Debug\Exceptions->errorHandler(2, 'Undefined prope...', 'C:\\xampp\\htdocs...', 2)
#1 C:\xampp\htdocs\system\View\View.php(210): include('C:\\xampp\\htdocs...')
#2 C:\xampp\htdocs\system\View\View.php(213): CodeIgniter\View\View->CodeIgniter\View\{closure}()
#3 C:\xampp\htdocs\system\Common.php(1089): CodeIgniter\View\View->render('Home', Array, true)
#4 C:\xampp\htdocs\app\Controllers\Home.php(10): view('Home')
#5 C:\xampp\htdocs\system\CodeIgniter.php(825): App\Controllers\Home->index()
#6 C:\xampp\htdocs\system\CodeIgniter.php(412): CodeIgniter\CodeIgniter->runController(Object(App\Controllers\Home))
#7 C:\xampp\htdocs\system\CodeIgniter.php(320): CodeIgniter\CodeIgniter->handleRequest(NULL, Object(Config\Cache), false)
#8 C:\xampp\htdocs\public\index.php(37): CodeIgniter\CodeIgniter->run()
#9 C:\xampp\htdocs\system\Commands\Server\rewrite.php(43): require_once('C:\\xampp\\htdocs...')
#10 {main}
CRITICAL - 2022-01-20 18:17:51 --> Undefined property: CodeIgniter\View\View::$load
#0 C:\xampp\htdocs\app\Views\Home.php(2): CodeIgniter\Debug\Exceptions->errorHandler(2, 'Undefined prope...', 'C:\\xampp\\htdocs...', 2)
#1 C:\xampp\htdocs\system\View\View.php(210): include('C:\\xampp\\htdocs...')
#2 C:\xampp\htdocs\system\View\View.php(213): CodeIgniter\View\View->CodeIgniter\View\{closure}()
#3 C:\xampp\htdocs\system\Common.php(1089): CodeIgniter\View\View->render('Home', Array, true)
#4 C:\xampp\htdocs\app\Controllers\Home.php(10): view('Home')
#5 C:\xampp\htdocs\system\CodeIgniter.php(825): App\Controllers\Home->index()
#6 C:\xampp\htdocs\system\CodeIgniter.php(412): CodeIgniter\CodeIgniter->runController(Object(App\Controllers\Home))
#7 C:\xampp\htdocs\system\CodeIgniter.php(320): CodeIgniter\CodeIgniter->handleRequest(NULL, Object(Config\Cache), false)
#8 C:\xampp\htdocs\public\index.php(37): CodeIgniter\CodeIgniter->run()
#9 C:\xampp\htdocs\system\Commands\Server\rewrite.php(43): require_once('C:\\xampp\\htdocs...')
#10 {main}
